<?xml version="1.0" encoding="UTF-8"?>
<!-- Generated by org.testng.reporters.JUnitReportReporter -->
<testsuite hostname="ApurboKabbo" failures="0" tests="1" name="testcases.LandingPage" time="33.719" errors="0" timestamp="2024-05-31T22:53:06 BDT" skipped="0">
  <testcase classname="testcases.LandingPage" name="testAppOpen" time="33.719"/>
  <system-out/>
</testsuite> <!-- testcases.LandingPage -->
